<?xml version="1.0" encoding="UTF-8"?>
<!-- Generated by org.testng.reporters.JUnitReportReporter -->
<testsuite hostname="DESKTOP-9MSC69J" failures="0" tests="1" name="Tests.LoginTest" time="8.633" errors="0" timestamp="2020-06-02T10:40:28 IST" skipped="0">
  <testcase classname="Tests.LoginTest" name="loginToApp" time="8.633"/>
</testsuite> <!-- Tests.LoginTest -->
